FHIR IG Publisher Version 1.6.27 (Git# d4b1190dcc36). Built 2024-09-25T22:48:07.670Z (40 days old)
Detected Java version: 23 from /usr/local/openjdk-23 on amd64 (64bit). 4096MB available
dir = /__w/implementation-guide/implementation-guide, path = /usr/local/openjdk-23/bin:/usr/local/sbin:/usr/local/bin:/usr/sbin:/usr/bin:/sbin:/bin
Parameters: -go-publish -source ig/ -web web/ -registry registry/fhir-ig-list.json -history history/ -templates web/templates
---------------
Publication Run: publish ig/ to web/
Run Number: 4
Relative directory for IG is '/fhir'
===== Web Publication Run Details ===============================
 Source IG: dk.ehealth.sundhed.fhir.ig.core#3.3.0 : http://ehealth.sundhed.dk/fhir (R4) from ig/
All checks passed. Do the publication build from /__w/implementation-guide/implementation-guide/ig and publish to /tmp/web-root/run-20241105/fhir
Prepare Build space in /tmp/dk.ehealth.sundhed.fhir.ig.core#3.3.0
Build IG at /__w/implementation-guide/implementation-guide/ig: final copy suitable for publication (in /tmp/dk.ehealth.sundhed.fhir.ig.core#3.3.0)
FHIR IG Publisher Version 1.6.27 (Git# d4b1190dcc36). Built 2024-09-25T22:48:07.670Z (40 days old)  
Detected Java version: 23 from /usr/local/openjdk-23 on Linux/amd64 (64bit). 4096MB available       
dir = /__w/implementation-guide/implementation-guide, path = /usr/local/openjdk-23/bin:/usr/local/sbin:/usr/local/bin:/usr/sbin:/usr/bin:/sbin:/bin
Parameters: -ig /tmp/dk.ehealth.sundhed.fhir.ig.core#3.3.0 -resetTx -publish http://ehealth.sundhed.dk/fhir/3.3.0 -no-exit
Start Clock @ Tuesday, November 5, 2024, 10:09:10 AM Coordinated Universal Time (2024-11-05T10:09:10Z)
                                                                                                    
Build FHIR IG from /tmp/dk.ehealth.sundhed.fhir.ig.core#3.3.0                                        (00:00.021 / 00:00.021, 145Mb)
Build Formal Publication package, intended for http://ehealth.sundhed.dk/fhir/3.3.0                  (00:00.003 / 00:00.025, 145Mb)
API keys loaded from /root/.fhir/fhir-settings.json                                                  (00:00.001 / 00:00.026, 145Mb)
Package Cache: /root/.fhir/packages                                                                  (00:00.003 / 00:00.030, 145Mb)
Run Sushi on /tmp/dk.ehealth.sundhed.fhir.ig.core#3.3.0                                              (00:00.002 / 00:00.032, 145Mb)
Sushi: info  Running SUSHI v3.11.1 (implements FHIR Shorthand specification v3.0.0-ballot)           (00:00.398 / 00:00.431, 148Mb)
Sushi: info  Arguments:                                                                              (00:00.001 / 00:00.432, 148Mb)
Sushi: info    --require-latest                                                                      (00:00.001 / 00:00.434, 148Mb)
Sushi: info    --out /tmp/dk.ehealth.sundhed.fhir.ig.core#3.3.0                                      (00:00.001 / 00:00.435, 148Mb)
Sushi: info    /tmp/dk.ehealth.sundhed.fhir.ig.core#3.3.0                                            (00:00.001 / 00:00.436, 148Mb)
Sushi: error Current SUSHI version (3.11.1) is not the latest version. Upgrade to the latest version (3.12.0) or run SUSHI again without the --require-latest flag. (00:00.376 / 00:00.812, 148Mb)
Sushi couldn't be run. Complete output from running Sushi :                                          (00:00.007 / 00:00.819, 148Mb)
Note: Check that Sushi is installed correctly ("npm install -g fsh-sushi". On windows, get npm from https://www.npmjs.com/get-npm) (00:00.001 / 00:00.821, 148Mb)
Exception: Process exited with an error: 1 (Exit value: 1)                                           (00:00.001 / 00:00.822, 148Mb)
Publishing Content Failed: Process exited with an error: 1 (Exit value: 1)                           (00:00.001 / 00:00.823, 148Mb)
                                                                                                     (00:00.001 / 00:00.824, 148Mb)
Use -? to get command line help                                                                      (00:00.001 / 00:00.825, 148Mb)
                                                                                                     (00:00.001 / 00:00.827, 148Mb)
Stack Dump (for debugging):                                                                          (00:00.001 / 00:00.828, 148Mb)
org.apache.commons.exec.ExecuteException: Process exited with an error: 1 (Exit value: 1)
	at org.apache.commons.exec.DefaultExecutor.executeInternal(DefaultExecutor.java:404)
	at org.apache.commons.exec.DefaultExecutor.execute(DefaultExecutor.java:166)
	at org.apache.commons.exec.DefaultExecutor.execute(DefaultExecutor.java:153)
	at org.hl7.fhir.igtools.publisher.FSHRunner.runFsh(FSHRunner.java:89)
	at org.hl7.fhir.igtools.publisher.Publisher.initialize(Publisher.java:2600)
	at org.hl7.fhir.igtools.publisher.Publisher.execute(Publisher.java:1039)
	at org.hl7.fhir.igtools.publisher.Publisher.main(Publisher.java:13301)
	at org.hl7.fhir.igtools.web.PublicationProcess.runBuild(PublicationProcess.java:911)
	at org.hl7.fhir.igtools.web.PublicationProcess.doPublish(PublicationProcess.java:488)
	at org.hl7.fhir.igtools.web.PublicationProcess.publishInner2(PublicationProcess.java:405)
	at org.hl7.fhir.igtools.web.PublicationProcess.publishInner(PublicationProcess.java:243)
	at org.hl7.fhir.igtools.web.PublicationProcess.publish(PublicationProcess.java:124)
	at org.hl7.fhir.igtools.publisher.Publisher.main(Publisher.java:13064)
Prepare Build space in /tmp/dk.ehealth.sundhed.fhir.ig.core#3.3.0-milestone
Build IG at /__w/implementation-guide/implementation-guide/ig: final copy suitable for publication (in /tmp/dk.ehealth.sundhed.fhir.ig.core#3.3.0-milestone) (milestone build)
FHIR IG Publisher Version 1.6.27 (Git# d4b1190dcc36). Built 2024-09-25T22:48:07.670Z (40 days old)  
Detected Java version: 23 from /usr/local/openjdk-23 on Linux/amd64 (64bit). 4096MB available       
dir = /__w/implementation-guide/implementation-guide, path = /usr/local/openjdk-23/bin:/usr/local/sbin:/usr/local/bin:/usr/sbin:/usr/bin:/sbin:/bin
Parameters: -ig /tmp/dk.ehealth.sundhed.fhir.ig.core#3.3.0-milestone -publish http://ehealth.sundhed.dk/fhir/3.3.0 -milestone -no-exit
Start Clock @ Tuesday, November 5, 2024, 10:09:22 AM Coordinated Universal Time (2024-11-05T10:09:22Z)
                                                                                                    
Build FHIR IG from /tmp/dk.ehealth.sundhed.fhir.ig.core#3.3.0-milestone                              (00:00.004 / 00:00.004, 138Mb)
Build Formal Publication package, intended for http://ehealth.sundhed.dk/fhir/3.3.0                  (00:00.001 / 00:00.005, 138Mb)
API keys loaded from /root/.fhir/fhir-settings.json                                                  (00:00.001 / 00:00.007, 138Mb)
Package Cache: /root/.fhir/packages                                                                  (00:00.001 / 00:00.008, 138Mb)
Run Sushi on /tmp/dk.ehealth.sundhed.fhir.ig.core#3.3.0-milestone                                    (00:00.001 / 00:00.009, 138Mb)
Sushi: info  Running SUSHI v3.11.1 (implements FHIR Shorthand specification v3.0.0-ballot)           (00:00.399 / 00:00.409, 139Mb)
Sushi: info  Arguments:                                                                              (00:00.001 / 00:00.410, 139Mb)
Sushi: info    --require-latest                                                                      (00:00.001 / 00:00.411, 139Mb)
Sushi: info    --out /tmp/dk.ehealth.sundhed.fhir.ig.core#3.3.0-milestone                            (00:00.001 / 00:00.413, 139Mb)
Sushi: info    /tmp/dk.ehealth.sundhed.fhir.ig.core#3.3.0-milestone                                  (00:00.001 / 00:00.414, 139Mb)
Sushi: error Current SUSHI version (3.11.1) is not the latest version. Upgrade to the latest version (3.12.0) or run SUSHI again without the --require-latest flag. (00:00.361 / 00:00.775, 139Mb)
Sushi couldn't be run. Complete output from running Sushi :                                          (00:00.006 / 00:00.782, 139Mb)
Note: Check that Sushi is installed correctly ("npm install -g fsh-sushi". On windows, get npm from https://www.npmjs.com/get-npm) (00:00.001 / 00:00.783, 139Mb)
Exception: Process exited with an error: 1 (Exit value: 1)                                           (00:00.001 / 00:00.784, 139Mb)
Publishing Content Failed: Process exited with an error: 1 (Exit value: 1)                           (00:00.001 / 00:00.785, 139Mb)
                                                                                                     (00:00.001 / 00:00.786, 139Mb)
Use -? to get command line help                                                                      (00:00.001 / 00:00.787, 139Mb)
                                                                                                     (00:00.001 / 00:00.788, 139Mb)
Stack Dump (for debugging):                                                                          (00:00.001 / 00:00.789, 139Mb)
org.apache.commons.exec.ExecuteException: Process exited with an error: 1 (Exit value: 1)
	at org.apache.commons.exec.DefaultExecutor.executeInternal(DefaultExecutor.java:404)
	at org.apache.commons.exec.DefaultExecutor.execute(DefaultExecutor.java:166)
	at org.apache.commons.exec.DefaultExecutor.execute(DefaultExecutor.java:153)
	at org.hl7.fhir.igtools.publisher.FSHRunner.runFsh(FSHRunner.java:89)
	at org.hl7.fhir.igtools.publisher.Publisher.initialize(Publisher.java:2600)
	at org.hl7.fhir.igtools.publisher.Publisher.execute(Publisher.java:1039)
	at org.hl7.fhir.igtools.publisher.Publisher.main(Publisher.java:13301)
	at org.hl7.fhir.igtools.web.PublicationProcess.runBuild(PublicationProcess.java:911)
	at org.hl7.fhir.igtools.web.PublicationProcess.doPublish(PublicationProcess.java:493)
	at org.hl7.fhir.igtools.web.PublicationProcess.publishInner2(PublicationProcess.java:405)
	at org.hl7.fhir.igtools.web.PublicationProcess.publishInner(PublicationProcess.java:243)
	at org.hl7.fhir.igtools.web.PublicationProcess.publish(PublicationProcess.java:124)
	at org.hl7.fhir.igtools.publisher.Publisher.main(Publisher.java:13064)
Keep a copy of the build directory at /tmp/web-root/run-20241105/ig-build-zips/dk.ehealth.sundhed.fhir.ig.core#3.3.0.zip

ok. All checks passed. Publish v3.3.0 to /tmp/web-root/run-20241105/fhir/3.3.0
Copy the IG to /tmp/web-root/run-20241105/fhir/3.3.0
Update /tmp/web-root/run-20241105/fhir/package-list.json
Publish Box Statement: This page is part of the FUT Infrastructure (v3.3.0: Release) based on <a no-external="true" href="http://hl7.org/fhir/R4">FHIR (HL7® FHIR® Standard) R4</a>. This is the current published version in its permanent home (it will always be available at this URL).  For a full list of available versions, see the <a no-external="true" href="http://ehealth.sundhed.dk/fhir/history.html">Directory of published versions</a>
no html insert in /tmp/web-root/run-20241105/fhir/3.3.0/qa-txservers.html
  .. 3585 files checked, 3585 updated
  .. 1819 clones checked, 3638 updated
  .. 526 redirections (526 created/updated)
This is a milestone release - publish v3.3.0 to /tmp/web-root/run-20241105/fhir
Publish Box Statement: This page is part of the FUT Infrastructure (v3.3.0: Release) based on <a no-external="true" href="http://hl7.org/fhir/R4">FHIR (HL7® FHIR® Standard) R4</a>. This is the current published version.  For a full list of available versions, see the <a no-external="true" href="http://ehealth.sundhed.dk/fhir/history.html">Directory of published versions</a>
no html insert in /tmp/dk.ehealth.sundhed.fhir.ig.core#3.3.0-milestone/output/qa-txservers.html
  .. 3585 files checked, 3585 updated
  .. 1819 clones checked, 3638 updated
  .. 526 redirections (526 created/updated)
Check for Files to delete
  ... 0 files
Copy to new IG to /tmp/web-root/run-20241105/fhir
Update history page at /tmp/web-root/run-20241105/fhir from /__w/implementation-guide/implementation-guide/history and web/templates
Build is complete. Copy from /tmp/web-root/run-20241105
Error in package-list.json:path to build.fhir.org should not use https://
dk.ehealth.sundhed.fhir.ig.core (http://ehealth.sundhed.dk/fhir): FUT Infrastructure @ http://build.fhir.org/ig/fut-infrastructure/implementation-guide
  release: Releases 3.3.0/4.0.1 @ http://ehealth.sundhed.dk/fhir/3.3.0
