FHIR IG Publisher Version 2.0.15 (Git# 90a6806a03db). Built 2025-08-24T21:21:56.998Z (155 days old)
Detected Java version: 23 from /usr/local/openjdk-23 on amd64 (64bit). 3998MB available
dir = /__w/implementation-guide/implementation-guide, path = /usr/local/openjdk-23/bin:/usr/local/sbin:/usr/local/bin:/usr/sbin:/usr/bin:/sbin:/bin
Parameters: -go-publish -source ig/ -web web/ -registry registry/fhir-ig-list.json -history history/ -templates web/templates
---------------
Publication Run: publish ig/ to web/
Relative directory for IG is '/fhir'
===== Web Publication Run Details ===============================
 Source IG: dk.ehealth.sundhed.fhir.ig.core#8.0.0 : http://ehealth.sundhed.dk/fhir (R4) from ig/
All checks passed. Do the publication build from /__w/implementation-guide/implementation-guide/ig and publish to /tmp/web-root/run-20260127/fhir
Prepare Build space in /tmp/ig-builds/dk.ehealth.sundhed.fhir.ig.core#8.0.0
Build IG at /__w/implementation-guide/implementation-guide/ig: final copy suitable for publication (in /tmp/ig-builds/dk.ehealth.sundhed.fhir.ig.core#8.0.0)
FHIR IG Publisher Version 2.0.15 (Git# 90a6806a03db). Built 2025-08-24T21:21:56.998Z (155 days old) 
Detected Java version: 23 from /usr/local/openjdk-23 on Linux/amd64 (64bit). 3998MB available       
dir = /__w/implementation-guide/implementation-guide, path = /usr/local/openjdk-23/bin:/usr/local/sbin:/usr/local/bin:/usr/sbin:/usr/bin:/sbin:/bin
Parameters: -publish http://ehealth.sundhed.dk/fhir/8.0.0 -no-exit -ig /tmp/ig-builds/dk.ehealth.sundhed.fhir.ig.core#8.0.0 -resetTx
Character encoding = UTF-8 / UTF-8                                                                  
Start Clock @ Tuesday, January 27, 2026, 11:06:03 AM Coordinated Universal Time (2026-01-27T11:06:03Z)
                                                                                                    
Build FHIR IG from /tmp/ig-builds/dk.ehealth.sundhed.fhir.ig.core#8.0.0                              (00:00.023 / 00:00.023, 123Mb)
Build Formal Publication package, intended for http://ehealth.sundhed.dk/fhir/8.0.0                  (00:00.004 / 00:00.027, 123Mb)
API keys loaded from /root/.fhir/fhir-settings.json                                                  (00:00.001 / 00:00.028, 123Mb)
Package Cache: /root/.fhir/packages                                                                  (00:00.003 / 00:00.031, 123Mb)
Run Sushi on /tmp/ig-builds/dk.ehealth.sundhed.fhir.ig.core#8.0.0                                    (00:00.004 / 00:00.035, 123Mb)
Sushi: info  Running SUSHI v3.16.3 (implements FHIR Shorthand specification v3.0.0)                  (00:00.478 / 00:00.514, 125Mb)
Sushi: info  Arguments:                                                                              (00:00.001 / 00:00.515, 125Mb)
Sushi: info    --require-latest                                                                      (00:00.001 / 00:00.516, 125Mb)
Sushi: info    --out /tmp/ig-builds/dk.ehealth.sundhed.fhir.ig.core#8.0.0                            (00:00.001 / 00:00.517, 125Mb)
Sushi: info    /tmp/ig-builds/dk.ehealth.sundhed.fhir.ig.core#8.0.0                                  (00:00.001 / 00:00.518, 125Mb)
Sushi: error Current SUSHI version (3.16.3) is not the latest version. Upgrade to the latest version (3.17.0) or run SUSHI again without the --require-latest flag. (00:00.431 / 00:00.950, 125Mb)
Sushi couldn't be run. Complete output from running Sushi :                                          (00:00.007 / 00:00.958, 125Mb)
Note: Check that Sushi is installed correctly ("npm install -g fsh-sushi". On windows, get npm from https://www.npmjs.com/get-npm) (00:00.001 / 00:00.959, 125Mb)
Exception: Process exited with an error: 1 (Exit value: 1)                                           (00:00.001 / 00:00.960, 125Mb)
Publishing Content Failed: Process exited with an error: 1 (Exit value: 1)                           (00:00.000 / 00:00.961, 125Mb)
                                                                                                     (00:00.000 / 00:00.962, 125Mb)
Use -? to get command line help                                                                      (00:00.000 / 00:00.963, 125Mb)
                                                                                                     (00:00.000 / 00:00.963, 125Mb)
Stack Dump (for debugging):                                                                          (00:00.000 / 00:00.964, 125Mb)
org.apache.commons.exec.ExecuteException: Process exited with an error: 1 (Exit value: 1)
	at org.apache.commons.exec.DefaultExecutor.executeInternal(DefaultExecutor.java:404)
	at org.apache.commons.exec.DefaultExecutor.execute(DefaultExecutor.java:166)
	at org.apache.commons.exec.DefaultExecutor.execute(DefaultExecutor.java:153)
	at org.hl7.fhir.igtools.publisher.FSHRunner.runFsh(FSHRunner.java:89)
	at org.hl7.fhir.igtools.publisher.PublisherIGLoader.initialize(PublisherIGLoader.java:130)
	at org.hl7.fhir.igtools.publisher.Publisher.execute(Publisher.java:207)
	at org.hl7.fhir.igtools.publisher.Publisher.main(Publisher.java:1481)
	at org.hl7.fhir.igtools.web.PublicationProcess.runBuild(PublicationProcess.java:1103)
	at org.hl7.fhir.igtools.web.PublicationProcess.doPublish(PublicationProcess.java:559)
	at org.hl7.fhir.igtools.web.PublicationProcess.publishInner2(PublicationProcess.java:467)
	at org.hl7.fhir.igtools.web.PublicationProcess.publishInner(PublicationProcess.java:283)
	at org.hl7.fhir.igtools.web.PublicationProcess.publish(PublicationProcess.java:143)
	at org.hl7.fhir.igtools.publisher.Publisher.main(Publisher.java:1229)
Prepare Build space in /tmp/ig-builds/dk.ehealth.sundhed.fhir.ig.core#8.0.0-milestone
Build IG at /__w/implementation-guide/implementation-guide/ig: final copy suitable for publication (in /tmp/ig-builds/dk.ehealth.sundhed.fhir.ig.core#8.0.0-milestone) (milestone build)
FHIR IG Publisher Version 2.0.15 (Git# 90a6806a03db). Built 2025-08-24T21:21:56.998Z (155 days old) 
Detected Java version: 23 from /usr/local/openjdk-23 on Linux/amd64 (64bit). 3998MB available       
dir = /__w/implementation-guide/implementation-guide, path = /usr/local/openjdk-23/bin:/usr/local/sbin:/usr/local/bin:/usr/sbin:/usr/bin:/sbin:/bin
Parameters: -publish http://ehealth.sundhed.dk/fhir/8.0.0 -no-exit -ig /tmp/ig-builds/dk.ehealth.sundhed.fhir.ig.core#8.0.0-milestone -milestone
Character encoding = UTF-8 / UTF-8                                                                  
Start Clock @ Tuesday, January 27, 2026, 11:06:18 AM Coordinated Universal Time (2026-01-27T11:06:18Z)
                                                                                                    
Build FHIR IG from /tmp/ig-builds/dk.ehealth.sundhed.fhir.ig.core#8.0.0-milestone                    (00:00.003 / 00:00.003, 79Mb)
Build Formal Publication package, intended for http://ehealth.sundhed.dk/fhir/8.0.0                  (00:00.000 / 00:00.003, 79Mb)
API keys loaded from /root/.fhir/fhir-settings.json                                                  (00:00.000 / 00:00.004, 79Mb)
Package Cache: /root/.fhir/packages                                                                  (00:00.000 / 00:00.005, 79Mb)
Run Sushi on /tmp/ig-builds/dk.ehealth.sundhed.fhir.ig.core#8.0.0-milestone                          (00:00.001 / 00:00.007, 79Mb)
Sushi: info  Running SUSHI v3.16.3 (implements FHIR Shorthand specification v3.0.0)                  (00:00.461 / 00:00.469, 80Mb)
Sushi: info  Arguments:                                                                              (00:00.001 / 00:00.470, 80Mb)
Sushi: info    --require-latest                                                                      (00:00.000 / 00:00.471, 80Mb)
Sushi: info    --out /tmp/ig-builds/dk.ehealth.sundhed.fhir.ig.core#8.0.0-milestone                  (00:00.000 / 00:00.472, 80Mb)
Sushi: info    /tmp/ig-builds/dk.ehealth.sundhed.fhir.ig.core#8.0.0-milestone                        (00:00.000 / 00:00.472, 80Mb)
Sushi: error Current SUSHI version (3.16.3) is not the latest version. Upgrade to the latest version (3.17.0) or run SUSHI again without the --require-latest flag. (00:00.364 / 00:00.837, 80Mb)
Sushi couldn't be run. Complete output from running Sushi :                                          (00:00.006 / 00:00.843, 80Mb)
Note: Check that Sushi is installed correctly ("npm install -g fsh-sushi". On windows, get npm from https://www.npmjs.com/get-npm) (00:00.000 / 00:00.844, 80Mb)
Exception: Process exited with an error: 1 (Exit value: 1)                                           (00:00.000 / 00:00.845, 80Mb)
Publishing Content Failed: Process exited with an error: 1 (Exit value: 1)                           (00:00.000 / 00:00.846, 80Mb)
                                                                                                     (00:00.000 / 00:00.846, 80Mb)
Use -? to get command line help                                                                      (00:00.000 / 00:00.847, 80Mb)
                                                                                                     (00:00.000 / 00:00.848, 80Mb)
Stack Dump (for debugging):                                                                          (00:00.000 / 00:00.849, 80Mb)
org.apache.commons.exec.ExecuteException: Process exited with an error: 1 (Exit value: 1)
	at org.apache.commons.exec.DefaultExecutor.executeInternal(DefaultExecutor.java:404)
	at org.apache.commons.exec.DefaultExecutor.execute(DefaultExecutor.java:166)
	at org.apache.commons.exec.DefaultExecutor.execute(DefaultExecutor.java:153)
	at org.hl7.fhir.igtools.publisher.FSHRunner.runFsh(FSHRunner.java:89)
	at org.hl7.fhir.igtools.publisher.PublisherIGLoader.initialize(PublisherIGLoader.java:130)
	at org.hl7.fhir.igtools.publisher.Publisher.execute(Publisher.java:207)
	at org.hl7.fhir.igtools.publisher.Publisher.main(Publisher.java:1481)
	at org.hl7.fhir.igtools.web.PublicationProcess.runBuild(PublicationProcess.java:1103)
	at org.hl7.fhir.igtools.web.PublicationProcess.doPublish(PublicationProcess.java:564)
	at org.hl7.fhir.igtools.web.PublicationProcess.publishInner2(PublicationProcess.java:467)
	at org.hl7.fhir.igtools.web.PublicationProcess.publishInner(PublicationProcess.java:283)
	at org.hl7.fhir.igtools.web.PublicationProcess.publish(PublicationProcess.java:143)
	at org.hl7.fhir.igtools.publisher.Publisher.main(Publisher.java:1229)
Keep a copy of the build directory at /tmp/web-root/run-20260127/ig-build-zips/dk.ehealth.sundhed.fhir.ig.core#8.0.0.zip

ok. All checks passed. Publish v8.0.0 to /tmp/web-root/run-20260127/fhir/8.0.0
Copy the IG to /tmp/web-root/run-20260127/fhir/8.0.0
Update /tmp/web-root/run-20260127/fhir/package-list.json
Publish Box Statement: This page is part of the FUT Infrastructure (v8.0.0: Release) based on <a data-no-external="true" href="http://hl7.org/fhir/R4">FHIR (HL7® FHIR® Standard) R4</a>. This is the current published version in its permanent home (it will always be available at this URL).  For a full list of available versions, see the <a data-no-external="true" href="http://ehealth.sundhed.dk/fhir/history.html">Directory of published versions</a>
  .. 4190 files checked, 4190 updated
  .. 620 redirections (620 created/updated)
This is a milestone release - publish v8.0.0 to /tmp/web-root/run-20260127/fhir
Update publish box for version 7.0.8 @ http://ehealth.sundhed.dk/fhir/7.0.8
Publish Box Statement: This page is part of the FUT Infrastructure (v7.0.8: Release) based on <a data-no-external="true" href="http://hl7.org/fhir/R4">FHIR (HL7® FHIR® Standard) R4</a>. The current version which supersedes this version is <a data-no-external="true" href="http://ehealth.sundhed.dk/fhir{{fn}}">8.0.0</a>.  For a full list of available versions, see the <a data-no-external="true" href="http://ehealth.sundhed.dk/fhir/history.html">Directory of published versions</a>
  .. 3954 files checked, 3954 updated
Building download for /tmp/web-root/run-20260127/fhir/7.0.8 url = http://ehealth.sundhed.dk/fhir/7.0.8, canonical = http://ehealth.sundhed.dk/fhir
  ................................................................................
  ................................................................................
  ................................................................................
  ................................................................................
  ................................................................................
  ................................................................................
  ...........................................
 ..Finished
Update publish box for version 6.0.2 @ http://ehealth.sundhed.dk/fhir/6.0.2
Publish Box Statement: This page is part of the FUT Infrastructure (v6.0.2: Release) based on <a data-no-external="true" href="http://hl7.org/fhir/R4">FHIR (HL7® FHIR® Standard) R4</a>. The current version which supersedes this version is <a data-no-external="true" href="http://ehealth.sundhed.dk/fhir{{fn}}">8.0.0</a>.  For a full list of available versions, see the <a data-no-external="true" href="http://ehealth.sundhed.dk/fhir/history.html">Directory of published versions</a>
  .. 3948 files checked, 3948 updated
Building download for /tmp/web-root/run-20260127/fhir/6.0.2 url = http://ehealth.sundhed.dk/fhir/6.0.2, canonical = http://ehealth.sundhed.dk/fhir
  ................................................................................
  ................................................................................
  ................................................................................
  ................................................................................
  ................................................................................
  ................................................................................
  ..........................................
 ..Finished
Update publish box for version 6.0.1 @ http://ehealth.sundhed.dk/fhir/6.0.1
Publish Box Statement: This page is part of the FUT Infrastructure (v6.0.1: Release) based on <a data-no-external="true" href="http://hl7.org/fhir/R4">FHIR (HL7® FHIR® Standard) R4</a>. The current version which supersedes this version is <a data-no-external="true" href="http://ehealth.sundhed.dk/fhir{{fn}}">8.0.0</a>.  For a full list of available versions, see the <a data-no-external="true" href="http://ehealth.sundhed.dk/fhir/history.html">Directory of published versions</a>
  .. 3947 files checked, 3947 updated
Building download for /tmp/web-root/run-20260127/fhir/6.0.1 url = http://ehealth.sundhed.dk/fhir/6.0.1, canonical = http://ehealth.sundhed.dk/fhir
  ................................................................................
  ................................................................................
  ................................................................................
  ................................................................................
  ................................................................................
  ................................................................................
  ...................................................
 ..Finished
Update publish box for version 6.0.0 @ http://ehealth.sundhed.dk/fhir/6.0.0
Publish Box Statement: This page is part of the FUT Infrastructure (v6.0.0: Release) based on <a data-no-external="true" href="http://hl7.org/fhir/R4">FHIR (HL7® FHIR® Standard) R4</a>. The current version which supersedes this version is <a data-no-external="true" href="http://ehealth.sundhed.dk/fhir{{fn}}">8.0.0</a>.  For a full list of available versions, see the <a data-no-external="true" href="http://ehealth.sundhed.dk/fhir/history.html">Directory of published versions</a>
  .. 3944 files checked, 3944 updated
Building download for /tmp/web-root/run-20260127/fhir/6.0.0 url = http://ehealth.sundhed.dk/fhir/6.0.0, canonical = http://ehealth.sundhed.dk/fhir
  ................................................................................
  ................................................................................
  ................................................................................
  ................................................................................
  ................................................................................
  ................................................................................
  ..............................................................
 ..Finished
Update publish box for version 5.0.1 @ http://ehealth.sundhed.dk/fhir/5.0.1
Publish Box Statement: This page is part of the FUT Infrastructure (v5.0.1: Release) based on <a data-no-external="true" href="http://hl7.org/fhir/R4">FHIR (HL7® FHIR® Standard) R4</a>. The current version which supersedes this version is <a data-no-external="true" href="http://ehealth.sundhed.dk/fhir{{fn}}">8.0.0</a>.  For a full list of available versions, see the <a data-no-external="true" href="http://ehealth.sundhed.dk/fhir/history.html">Directory of published versions</a>
  .. 3853 files checked, 3853 updated
Building download for /tmp/web-root/run-20260127/fhir/5.0.1 url = http://ehealth.sundhed.dk/fhir/5.0.1, canonical = http://ehealth.sundhed.dk/fhir
  ................................................................................
  ................................................................................
  ................................................................................
  ................................................................................
  ................................................................................
  ................................................................................
  .............................
 ..Finished
Update publish box for version 5.0.0 @ http://ehealth.sundhed.dk/fhir/5.0.0
Publish Box Statement: This page is part of the FUT Infrastructure (v5.0.0: Release) based on <a data-no-external="true" href="http://hl7.org/fhir/R4">FHIR (HL7® FHIR® Standard) R4</a>. The current version which supersedes this version is <a data-no-external="true" href="http://ehealth.sundhed.dk/fhir{{fn}}">8.0.0</a>.  For a full list of available versions, see the <a data-no-external="true" href="http://ehealth.sundhed.dk/fhir/history.html">Directory of published versions</a>
  .. 3853 files checked, 3853 updated
Building download for /tmp/web-root/run-20260127/fhir/5.0.0 url = http://ehealth.sundhed.dk/fhir/5.0.0, canonical = http://ehealth.sundhed.dk/fhir
  ................................................................................
  ................................................................................
  ................................................................................
  ................................................................................
  ................................................................................
  ................................................................................
  .............................
 ..Finished
Update publish box for version 4.0.1 @ http://ehealth.sundhed.dk/fhir/4.0.1
Publish Box Statement: This page is part of the FUT Infrastructure (v4.0.1: Release) based on <a data-no-external="true" href="http://hl7.org/fhir/R4">FHIR (HL7® FHIR® Standard) R4</a>. The current version which supersedes this version is <a data-no-external="true" href="http://ehealth.sundhed.dk/fhir{{fn}}">8.0.0</a>.  For a full list of available versions, see the <a data-no-external="true" href="http://ehealth.sundhed.dk/fhir/history.html">Directory of published versions</a>
  .. 3853 files checked, 3853 updated
Building download for /tmp/web-root/run-20260127/fhir/4.0.1 url = http://ehealth.sundhed.dk/fhir/4.0.1, canonical = http://ehealth.sundhed.dk/fhir
  ................................................................................
  ................................................................................
  ................................................................................
  ................................................................................
  ................................................................................
  ................................................................................
  .............................
 ..Finished
Update publish box for version 4.0.0 @ http://ehealth.sundhed.dk/fhir/4.0.0
Publish Box Statement: This page is part of the FUT Infrastructure (v4.0.0: Release) based on <a data-no-external="true" href="http://hl7.org/fhir/R4">FHIR (HL7® FHIR® Standard) R4</a>. The current version which supersedes this version is <a data-no-external="true" href="http://ehealth.sundhed.dk/fhir{{fn}}">8.0.0</a>.  For a full list of available versions, see the <a data-no-external="true" href="http://ehealth.sundhed.dk/fhir/history.html">Directory of published versions</a>
  .. 3853 files checked, 3853 updated
Building download for /tmp/web-root/run-20260127/fhir/4.0.0 url = http://ehealth.sundhed.dk/fhir/4.0.0, canonical = http://ehealth.sundhed.dk/fhir
  ................................................................................
  ................................................................................
  ................................................................................
  ................................................................................
  ................................................................................
  ................................................................................
  ............................
 ..Finished
Update publish box for version 3.5.1 @ http://ehealth.sundhed.dk/fhir/3.5.1
Publish Box Statement: This page is part of the FUT Infrastructure (v3.5.1: Release) based on <a data-no-external="true" href="http://hl7.org/fhir/R4">FHIR (HL7® FHIR® Standard) R4</a>. The current version which supersedes this version is <a data-no-external="true" href="http://ehealth.sundhed.dk/fhir{{fn}}">8.0.0</a>.  For a full list of available versions, see the <a data-no-external="true" href="http://ehealth.sundhed.dk/fhir/history.html">Directory of published versions</a>
  .. 3795 files checked, 3795 updated
Building download for /tmp/web-root/run-20260127/fhir/3.5.1 url = http://ehealth.sundhed.dk/fhir/3.5.1, canonical = http://ehealth.sundhed.dk/fhir
  ................................................................................
  ................................................................................
  ................................................................................
  ................................................................................
  ................................................................................
  ................................................................................
  ............................
 ..Finished
Update publish box for version 3.5.0 @ http://ehealth.sundhed.dk/fhir/3.5.0
Publish Box Statement: This page is part of the FUT Infrastructure (v3.5.0: Release) based on <a data-no-external="true" href="http://hl7.org/fhir/R4">FHIR (HL7® FHIR® Standard) R4</a>. The current version which supersedes this version is <a data-no-external="true" href="http://ehealth.sundhed.dk/fhir{{fn}}">8.0.0</a>.  For a full list of available versions, see the <a data-no-external="true" href="http://ehealth.sundhed.dk/fhir/history.html">Directory of published versions</a>
  .. 3795 files checked, 3795 updated
Building download for /tmp/web-root/run-20260127/fhir/3.5.0 url = http://ehealth.sundhed.dk/fhir/3.5.0, canonical = http://ehealth.sundhed.dk/fhir
  ................................................................................
  ................................................................................
  ................................................................................
  ................................................................................
  ................................................................................
  ................................................................................
  ...........................
 ..Finished
Update publish box for version 3.4.1 @ http://ehealth.sundhed.dk/fhir/3.4.1
Publish Box Statement: This page is part of the FUT Infrastructure (v3.4.1: Release) based on <a data-no-external="true" href="http://hl7.org/fhir/R4">FHIR (HL7® FHIR® Standard) R4</a>. The current version which supersedes this version is <a data-no-external="true" href="http://ehealth.sundhed.dk/fhir{{fn}}">8.0.0</a>.  For a full list of available versions, see the <a data-no-external="true" href="http://ehealth.sundhed.dk/fhir/history.html">Directory of published versions</a>
  .. 3788 files checked, 3788 updated
Building download for /tmp/web-root/run-20260127/fhir/3.4.1 url = http://ehealth.sundhed.dk/fhir/3.4.1, canonical = http://ehealth.sundhed.dk/fhir
  ................................................................................
  ................................................................................
  ................................................................................
  ................................................................................
  ................................................................................
  ................................................................................
  ...........................
 ..Finished
Update publish box for version 3.4.0 @ http://ehealth.sundhed.dk/fhir/3.4.0
Publish Box Statement: This page is part of the FUT Infrastructure (v3.4.0: Release) based on <a data-no-external="true" href="http://hl7.org/fhir/R4">FHIR (HL7® FHIR® Standard) R4</a>. The current version which supersedes this version is <a data-no-external="true" href="http://ehealth.sundhed.dk/fhir{{fn}}">8.0.0</a>.  For a full list of available versions, see the <a data-no-external="true" href="http://ehealth.sundhed.dk/fhir/history.html">Directory of published versions</a>
  .. 3782 files checked, 3782 updated
Building download for /tmp/web-root/run-20260127/fhir/3.4.0 url = http://ehealth.sundhed.dk/fhir/3.4.0, canonical = http://ehealth.sundhed.dk/fhir
  ................................................................................
  ................................................................................
  ................................................................................
  ................................................................................
  ................................................................................
  ................................................................................
  .....................
 ..Finished
Update publish box for version 3.3.0 @ http://ehealth.sundhed.dk/fhir/3.3.0
Publish Box Statement: This page is part of the FUT Infrastructure (v3.3.0: Release) based on <a data-no-external="true" href="http://hl7.org/fhir/R4">FHIR (HL7® FHIR® Standard) R4</a>. The current version which supersedes this version is <a data-no-external="true" href="http://ehealth.sundhed.dk/fhir{{fn}}">8.0.0</a>.  For a full list of available versions, see the <a data-no-external="true" href="http://ehealth.sundhed.dk/fhir/history.html">Directory of published versions</a>
  .. 3585 files checked, 3585 updated
Building download for /tmp/web-root/run-20260127/fhir/3.3.0 url = http://ehealth.sundhed.dk/fhir/3.3.0, canonical = http://ehealth.sundhed.dk/fhir
  ................................................................................
  ................................................................................
  ................................................................................
  ................................................................................
  ................................................................................
  ................................
 ..Finished
Update publish box for version 3.2.0 @ http://ehealth.sundhed.dk/fhir/3.2.0
Publish Box Statement: This page is part of the FUT Infrastructure (v3.2.0: Release) based on <a data-no-external="true" href="http://hl7.org/fhir/R4">FHIR (HL7® FHIR® Standard) R4</a>. The current version which supersedes this version is <a data-no-external="true" href="http://ehealth.sundhed.dk/fhir{{fn}}">8.0.0</a>.  For a full list of available versions, see the <a data-no-external="true" href="http://ehealth.sundhed.dk/fhir/history.html">Directory of published versions</a>
  .. 3543 files checked, 3543 updated
Building download for /tmp/web-root/run-20260127/fhir/3.2.0 url = http://ehealth.sundhed.dk/fhir/3.2.0, canonical = http://ehealth.sundhed.dk/fhir
  ................................................................................
  ................................................................................
  ................................................................................
  ................................................................................
  ................................................................................
  ...........................
 ..Finished
Update publish box for version 3.1.0 @ http://ehealth.sundhed.dk/fhir/3.1.0
Publish Box Statement: This page is part of the FUT Infrastructure (v3.1.0: Release) based on <a data-no-external="true" href="http://hl7.org/fhir/R4">FHIR (HL7® FHIR® Standard) R4</a>. The current version which supersedes this version is <a data-no-external="true" href="http://ehealth.sundhed.dk/fhir{{fn}}">8.0.0</a>.  For a full list of available versions, see the <a data-no-external="true" href="http://ehealth.sundhed.dk/fhir/history.html">Directory of published versions</a>
  .. 3429 files checked, 3429 updated
Building download for /tmp/web-root/run-20260127/fhir/3.1.0 url = http://ehealth.sundhed.dk/fhir/3.1.0, canonical = http://ehealth.sundhed.dk/fhir
  ................................................................................
  ................................................................................
  ................................................................................
  ................................................................................
  ........................
 ..Finished
Publish Box Statement: This page is part of the FUT Infrastructure (v8.0.0: Release) based on <a data-no-external="true" href="http://hl7.org/fhir/R4">FHIR (HL7® FHIR® Standard) R4</a>. This is the current published version.  For a full list of available versions, see the <a data-no-external="true" href="http://ehealth.sundhed.dk/fhir/history.html">Directory of published versions</a>
  .. 4190 files checked, 4190 updated
  .. 620 redirections (620 created/updated)
Check for Files to delete
  ... 0 files
Copy to new IG /tmp/web-root/run-20260127/fhir
Error in package-list.json:path to build.fhir.org should not use https://
dk.ehealth.sundhed.fhir.ig.core (http://ehealth.sundhed.dk/fhir): FUT Infrastructure @ http://build.fhir.org/ig/fut-infrastructure/implementation-guide
  release: Releases 8.0.0/4.0.1 @ http://ehealth.sundhed.dk/fhir/8.0.0
Build is complete. Copy from /tmp/web-root/run-20260127
Update history page at /tmp/web-root/run-20260127/fhir from /__w/implementation-guide/implementation-guide/history and web/templates
