FHIR IG Publisher Version 1.6.20 (Git# 7bbd1ce5defe). Built 2024-08-13T18:33:37.376Z (15 days old)
Detected Java version: 23 from /usr/local/openjdk-23 on amd64 (64bit). 10240MB available
dir = /home/publisher, path = /usr/local/openjdk-23/bin:/usr/local/sbin:/usr/local/bin:/usr/sbin:/usr/bin:/sbin:/bin
Parameters: -go-publish -source /home/publisher/ig/ -web /home/publisher/web/ -registry /home/publisher/registry/fhir-ig-list.json -history /home/publisher/history/ -templates /home/publisher/web/templates/
---------------
Publication Run: publish /home/publisher/ig/ to /home/publisher/web/
Run Number: 2
Relative directory for IG is '/fhir'
===== Web Publication Run Details ===============================
 Source IG: dk.ehealth.sundhed.fhir.ig.core#3.1.0 : http://ehealth.sundhed.dk/fhir (R4) from /home/publisher/ig/
All checks passed. Do the publication build from /home/publisher/ig and publish to /tmp/web-root/run-20240829/fhir
Prepare Build space in /tmp/dk.ehealth.sundhed.fhir.ig.core#3.1.0
Build IG at /home/publisher/ig: final copy suitable for publication (in /tmp/dk.ehealth.sundhed.fhir.ig.core#3.1.0)
FHIR IG Publisher Version 1.6.20 (Git# 7bbd1ce5defe). Built 2024-08-13T18:33:37.376Z (15 days old)  
Detected Java version: 23 from /usr/local/openjdk-23 on Linux/amd64 (64bit). 10240MB available      
dir = /home/publisher, path = /usr/local/openjdk-23/bin:/usr/local/sbin:/usr/local/bin:/usr/sbin:/usr/bin:/sbin:/bin
Parameters: -ig /tmp/dk.ehealth.sundhed.fhir.ig.core#3.1.0 -resetTx -publish http://ehealth.sundhed.dk/fhir/3.1.0 -no-exit
Start Clock @ Thursday, August 29, 2024, 10:44:07 AM Coordinated Universal Time (2024-08-29T10:44:07Z)
                                                                                                    
Build FHIR IG from /tmp/dk.ehealth.sundhed.fhir.ig.core#3.1.0                                        (00:00.012 / 00:00.012, 90Mb)
Build Formal Publication package, intended for http://ehealth.sundhed.dk/fhir/3.1.0                  (00:00.001 / 00:00.013, 90Mb)
API keys loaded from /root/.fhir/fhir-settings.json                                                  (00:00.000 / 00:00.014, 90Mb)
Package Cache: /root/.fhir/packages                                                                  (00:00.002 / 00:00.016, 90Mb)
Run Sushi on /tmp/dk.ehealth.sundhed.fhir.ig.core#3.1.0                                              (00:00.002 / 00:00.018, 90Mb)
Sushi: info  Running SUSHI v3.11.0 (implements FHIR Shorthand specification v3.0.0-ballot)           (00:00.200 / 00:00.219, 91Mb)
Sushi: info  Arguments:                                                                              (00:00.000 / 00:00.219, 91Mb)
Sushi: info    --require-latest                                                                      (00:00.000 / 00:00.220, 91Mb)
Sushi: info    --out /tmp/dk.ehealth.sundhed.fhir.ig.core#3.1.0                                      (00:00.000 / 00:00.220, 91Mb)
Sushi: info    /tmp/dk.ehealth.sundhed.fhir.ig.core#3.1.0                                            (00:00.000 / 00:00.220, 91Mb)
Sushi: error Current SUSHI version (3.11.0) is not the latest version. Upgrade to the latest version (3.11.1) or run SUSHI again without the --require-latest flag. (00:00.306 / 00:00.527, 91Mb)
Sushi couldn't be run. Complete output from running Sushi :                                          (00:00.002 / 00:00.530, 91Mb)
Note: Check that Sushi is installed correctly ("npm install -g fsh-sushi". On windows, get npm from https://www.npmjs.com/get-npm) (00:00.000 / 00:00.530, 91Mb)
Exception: Process exited with an error: 1 (Exit value: 1)                                           (00:00.000 / 00:00.531, 91Mb)
Publishing Content Failed: Process exited with an error: 1 (Exit value: 1)                           (00:00.000 / 00:00.531, 91Mb)
                                                                                                     (00:00.000 / 00:00.531, 91Mb)
Use -? to get command line help                                                                      (00:00.000 / 00:00.532, 91Mb)
                                                                                                     (00:00.000 / 00:00.532, 91Mb)
Stack Dump (for debugging):                                                                          (00:00.000 / 00:00.532, 91Mb)
org.apache.commons.exec.ExecuteException: Process exited with an error: 1 (Exit value: 1)
	at org.apache.commons.exec.DefaultExecutor.executeInternal(DefaultExecutor.java:404)
	at org.apache.commons.exec.DefaultExecutor.execute(DefaultExecutor.java:166)
	at org.apache.commons.exec.DefaultExecutor.execute(DefaultExecutor.java:153)
	at org.hl7.fhir.igtools.publisher.FSHRunner.runFsh(FSHRunner.java:89)
	at org.hl7.fhir.igtools.publisher.Publisher.initialize(Publisher.java:2572)
	at org.hl7.fhir.igtools.publisher.Publisher.execute(Publisher.java:1012)
	at org.hl7.fhir.igtools.publisher.Publisher.main(Publisher.java:13022)
	at org.hl7.fhir.igtools.web.PublicationProcess.runBuild(PublicationProcess.java:911)
	at org.hl7.fhir.igtools.web.PublicationProcess.doPublish(PublicationProcess.java:488)
	at org.hl7.fhir.igtools.web.PublicationProcess.publishInner2(PublicationProcess.java:405)
	at org.hl7.fhir.igtools.web.PublicationProcess.publishInner(PublicationProcess.java:243)
	at org.hl7.fhir.igtools.web.PublicationProcess.publish(PublicationProcess.java:124)
	at org.hl7.fhir.igtools.publisher.Publisher.main(Publisher.java:12767)
Prepare Build space in /tmp/dk.ehealth.sundhed.fhir.ig.core#3.1.0-milestone
Build IG at /home/publisher/ig: final copy suitable for publication (in /tmp/dk.ehealth.sundhed.fhir.ig.core#3.1.0-milestone) (milestone build)
FHIR IG Publisher Version 1.6.20 (Git# 7bbd1ce5defe). Built 2024-08-13T18:33:37.376Z (15 days old)  
Detected Java version: 23 from /usr/local/openjdk-23 on Linux/amd64 (64bit). 10240MB available      
dir = /home/publisher, path = /usr/local/openjdk-23/bin:/usr/local/sbin:/usr/local/bin:/usr/sbin:/usr/bin:/sbin:/bin
Parameters: -ig /tmp/dk.ehealth.sundhed.fhir.ig.core#3.1.0-milestone -publish http://ehealth.sundhed.dk/fhir/3.1.0 -milestone -no-exit
Start Clock @ Thursday, August 29, 2024, 10:44:11 AM Coordinated Universal Time (2024-08-29T10:44:11Z)
                                                                                                    
Build FHIR IG from /tmp/dk.ehealth.sundhed.fhir.ig.core#3.1.0-milestone                              (00:00.002 / 00:00.002, 209Mb)
Build Formal Publication package, intended for http://ehealth.sundhed.dk/fhir/3.1.0                  (00:00.000 / 00:00.002, 209Mb)
API keys loaded from /root/.fhir/fhir-settings.json                                                  (00:00.000 / 00:00.003, 209Mb)
Package Cache: /root/.fhir/packages                                                                  (00:00.000 / 00:00.003, 209Mb)
Run Sushi on /tmp/dk.ehealth.sundhed.fhir.ig.core#3.1.0-milestone                                    (00:00.000 / 00:00.003, 209Mb)
Sushi: info  Running SUSHI v3.11.0 (implements FHIR Shorthand specification v3.0.0-ballot)           (00:00.275 / 00:00.279, 210Mb)
Sushi: info  Arguments:                                                                              (00:00.000 / 00:00.280, 210Mb)
Sushi: info    --require-latest                                                                      (00:00.000 / 00:00.280, 210Mb)
Sushi: info    --out /tmp/dk.ehealth.sundhed.fhir.ig.core#3.1.0-milestone                            (00:00.000 / 00:00.280, 210Mb)
Sushi: info    /tmp/dk.ehealth.sundhed.fhir.ig.core#3.1.0-milestone                                  (00:00.000 / 00:00.281, 210Mb)
Sushi: error Current SUSHI version (3.11.0) is not the latest version. Upgrade to the latest version (3.11.1) or run SUSHI again without the --require-latest flag. (00:00.346 / 00:00.627, 210Mb)
Sushi couldn't be run. Complete output from running Sushi :                                          (00:00.003 / 00:00.630, 210Mb)
Note: Check that Sushi is installed correctly ("npm install -g fsh-sushi". On windows, get npm from https://www.npmjs.com/get-npm) (00:00.000 / 00:00.630, 210Mb)
Exception: Process exited with an error: 1 (Exit value: 1)                                           (00:00.000 / 00:00.631, 210Mb)
Publishing Content Failed: Process exited with an error: 1 (Exit value: 1)                           (00:00.000 / 00:00.631, 210Mb)
                                                                                                     (00:00.000 / 00:00.632, 210Mb)
Use -? to get command line help                                                                      (00:00.000 / 00:00.632, 210Mb)
                                                                                                     (00:00.000 / 00:00.632, 210Mb)
Stack Dump (for debugging):                                                                          (00:00.000 / 00:00.633, 210Mb)
org.apache.commons.exec.ExecuteException: Process exited with an error: 1 (Exit value: 1)
	at org.apache.commons.exec.DefaultExecutor.executeInternal(DefaultExecutor.java:404)
	at org.apache.commons.exec.DefaultExecutor.execute(DefaultExecutor.java:166)
	at org.apache.commons.exec.DefaultExecutor.execute(DefaultExecutor.java:153)
	at org.hl7.fhir.igtools.publisher.FSHRunner.runFsh(FSHRunner.java:89)
	at org.hl7.fhir.igtools.publisher.Publisher.initialize(Publisher.java:2572)
	at org.hl7.fhir.igtools.publisher.Publisher.execute(Publisher.java:1012)
	at org.hl7.fhir.igtools.publisher.Publisher.main(Publisher.java:13022)
	at org.hl7.fhir.igtools.web.PublicationProcess.runBuild(PublicationProcess.java:911)
	at org.hl7.fhir.igtools.web.PublicationProcess.doPublish(PublicationProcess.java:493)
	at org.hl7.fhir.igtools.web.PublicationProcess.publishInner2(PublicationProcess.java:405)
	at org.hl7.fhir.igtools.web.PublicationProcess.publishInner(PublicationProcess.java:243)
	at org.hl7.fhir.igtools.web.PublicationProcess.publish(PublicationProcess.java:124)
	at org.hl7.fhir.igtools.publisher.Publisher.main(Publisher.java:12767)
Keep a copy of the build directory at /tmp/web-root/run-20240829/ig-build-zips/dk.ehealth.sundhed.fhir.ig.core#3.1.0.zip

ok. All checks passed. Publish v3.1.0 to /tmp/web-root/run-20240829/fhir/3.1.0
Copy the IG to /tmp/web-root/run-20240829/fhir/3.1.0
Update /tmp/web-root/run-20240829/fhir/package-list.json
Publish Box Statement: This page is part of the FUT Infrastructure (v3.1.0: Release) based on <a no-external="true" href="http://hl7.org/fhir/R4">FHIR (HL7® FHIR® Standard) R4</a>. This is the current published version in its permanent home (it will always be available at this URL).  For a full list of available versions, see the <a no-external="true" href="http://ehealth.sundhed.dk/fhir/history.html">Directory of published versions</a>
no html insert in /tmp/web-root/run-20240829/fhir/3.1.0/qa-txservers.html
  .. 3429 files checked, 3429 updated
  .. 1009 clones checked, 2018 updated
  .. 503 redirections (503 created/updated)
This is a milestone release - publish v3.1.0 to /tmp/web-root/run-20240829/fhir
Publish Box Statement: This page is part of the FUT Infrastructure (v3.1.0: Release) based on <a no-external="true" href="http://hl7.org/fhir/R4">FHIR (HL7® FHIR® Standard) R4</a>. This is the current published version.  For a full list of available versions, see the <a no-external="true" href="http://ehealth.sundhed.dk/fhir/history.html">Directory of published versions</a>
no html insert in /tmp/dk.ehealth.sundhed.fhir.ig.core#3.1.0-milestone/output/qa-txservers.html
  .. 3429 files checked, 3429 updated
  .. 1009 clones checked, 2018 updated
  .. 503 redirections (503 created/updated)
Check for Files to delete
  ... 0 files
Copy to new IG to /tmp/web-root/run-20240829/fhir
Update history page at /tmp/web-root/run-20240829/fhir from /home/publisher/history and /home/publisher/web/templates/
Build is complete. Copy from /tmp/web-root/run-20240829
Error in package-list.json:path to build.fhir.org should not use https://
dk.ehealth.sundhed.fhir.ig.core (http://ehealth.sundhed.dk/fhir): FUT Infrastructure @ http://build.fhir.org/ig/fut-infrastructure/implementation-guide
  release: Releases 3.1.0/4.0.1 @ http://ehealth.sundhed.dk/fhir/3.1.0
